{"/home/ahsantamim/Projects/Nayem bhai QA/qa-code-quiz/src/components/account/index.tsx": {"path":"/home/ahsantamim/Projects/Nayem bhai QA/qa-code-quiz/src/components/account/index.tsx","statementMap":{"0":{"start":{"line":1,"column":0},"end":{"line":1,"column":40}},"1":{"start":{"line":2,"column":0},"end":{"line":2,"column":48}},"2":{"start":{"line":3,"column":0},"end":{"line":3,"column":39}},"3":{"start":{"line":9,"column":25},"end":{"line":18,"column":2}},"4":{"start":{"line":20,"column":12},"end":{"line":26,"column":2}},"5":{"start":{"line":28,"column":15},"end":{"line":46,"column":2}},"6":{"start":{"line":47,"column":0},"end":{"line":70,"column":null}},"7":{"start":{"line":48,"column":27},"end":{"line":48,"column":50}},"8":{"start":{"line":50,"column":4},"end":{"line":69,"column":null}},"9":{"start":{"line":67,"column":58},"end":{"line":67,"column":67}}},"fnMap":{"0":{"name":"(anonymous_2)","decl":{"start":{"line":47,"column":15},"end":{"line":47,"column":18}},"loc":{"start":{"line":47,"column":20},"end":{"line":70,"column":1}}},"1":{"name":"(anonymous_3)","decl":{"start":{"line":67,"column":53},"end":{"line":67,"column":55}},"loc":{"start":{"line":67,"column":57},"end":{"line":67,"column":67}}}},"branchMap":{},"s":{"0":1,"1":1,"2":1,"3":1,"4":1,"5":1,"6":1,"7":12,"8":12,"9":1},"f":{"0":12,"1":1},"b":{}}
,"/home/ahsantamim/Projects/Nayem bhai QA/qa-code-quiz/src/components/app/index.tsx": {"path":"/home/ahsantamim/Projects/Nayem bhai QA/qa-code-quiz/src/components/app/index.tsx","statementMap":{"0":{"start":{"line":1,"column":0},"end":{"line":1,"column":62}},"1":{"start":{"line":2,"column":0},"end":{"line":2,"column":50}},"2":{"start":{"line":3,"column":0},"end":{"line":3,"column":31}},"3":{"start":{"line":4,"column":0},"end":{"line":4,"column":33}},"4":{"start":{"line":5,"column":0},"end":{"line":5,"column":29}},"5":{"start":{"line":6,"column":0},"end":{"line":6,"column":50}},"6":{"start":{"line":7,"column":0},"end":{"line":7,"column":50}},"7":{"start":{"line":8,"column":18},"end":{"line":15,"column":2}},"8":{"start":{"line":17,"column":25},"end":{"line":35,"column":2}},"9":{"start":{"line":37,"column":0},"end":{"line":56,"column":null}},"10":{"start":{"line":38,"column":19},"end":{"line":38,"column":42}},"11":{"start":{"line":39,"column":4},"end":{"line":55,"column":null}},"12":{"start":{"line":40,"column":8},"end":{"line":46,"column":null}},"13":{"start":{"line":48,"column":8},"end":{"line":54,"column":null}}},"fnMap":{"0":{"name":"(anonymous_2)","decl":{"start":{"line":37,"column":15},"end":{"line":37,"column":18}},"loc":{"start":{"line":37,"column":20},"end":{"line":56,"column":1}}}},"branchMap":{"0":{"loc":{"start":{"line":39,"column":4},"end":{"line":55,"column":null}},"type":"if","locations":[{"start":{"line":39,"column":4},"end":{"line":55,"column":null}},{"start":{"line":39,"column":4},"end":{"line":55,"column":null}}]}},"s":{"0":1,"1":1,"2":1,"3":1,"4":1,"5":1,"6":1,"7":1,"8":1,"9":1,"10":13,"11":13,"12":7,"13":6},"f":{"0":13},"b":{"0":[7,6]}}
,"/home/ahsantamim/Projects/Nayem bhai QA/qa-code-quiz/src/components/header/index.tsx": {"path":"/home/ahsantamim/Projects/Nayem bhai QA/qa-code-quiz/src/components/header/index.tsx","statementMap":{"0":{"start":{"line":1,"column":0},"end":{"line":1,"column":50}},"1":{"start":{"line":2,"column":0},"end":{"line":2,"column":48}},"2":{"start":{"line":3,"column":0},"end":{"line":3,"column":39}},"3":{"start":{"line":5,"column":34},"end":{"line":17,"column":2}},"4":{"start":{"line":23,"column":0},"end":{"line":40,"column":null}},"5":{"start":{"line":25,"column":26},"end":{"line":25,"column":54}},"6":{"start":{"line":26,"column":19},"end":{"line":26,"column":42}},"7":{"start":{"line":28,"column":4},"end":{"line":39,"column":null}}},"fnMap":{"0":{"name":"(anonymous_2)","decl":{"start":{"line":23,"column":15},"end":{"line":23,"column":18}},"loc":{"start":{"line":23,"column":20},"end":{"line":40,"column":1}}}},"branchMap":{"0":{"loc":{"start":{"line":33,"column":20},"end":{"line":33,"column":40}},"type":"cond-expr","locations":[{"start":{"line":33,"column":20},"end":{"line":33,"column":40}},{"start":{"line":35,"column":20},"end":{"line":35,"column":33}}]}},"s":{"0":1,"1":1,"2":1,"3":1,"4":1,"5":13,"6":13,"7":13},"f":{"0":13},"b":{"0":[7,6]}}
,"/home/ahsantamim/Projects/Nayem bhai QA/qa-code-quiz/src/components/login/index.tsx": {"path":"/home/ahsantamim/Projects/Nayem bhai QA/qa-code-quiz/src/components/login/index.tsx","statementMap":{"0":{"start":{"line":1,"column":0},"end":{"line":1,"column":66}},"1":{"start":{"line":2,"column":0},"end":{"line":2,"column":39}},"2":{"start":{"line":3,"column":0},"end":{"line":3,"column":48}},"3":{"start":{"line":5,"column":23},"end":{"line":14,"column":2}},"4":{"start":{"line":16,"column":14},"end":{"line":30,"column":2}},"5":{"start":{"line":32,"column":15},"end":{"line":51,"column":2}},"6":{"start":{"line":58,"column":0},"end":{"line":85,"column":null}},"7":{"start":{"line":60,"column":36},"end":{"line":60,"column":71}},"8":{"start":{"line":61,"column":36},"end":{"line":61,"column":71}},"9":{"start":{"line":62,"column":20},"end":{"line":62,"column":43}},"10":{"start":{"line":64,"column":4},"end":{"line":84,"column":null}},"11":{"start":{"line":69,"column":35},"end":{"line":69,"column":63}},"12":{"start":{"line":75,"column":35},"end":{"line":75,"column":63}},"13":{"start":{"line":79,"column":27},"end":{"line":79,"column":52}}},"fnMap":{"0":{"name":"(anonymous_2)","decl":{"start":{"line":58,"column":15},"end":{"line":58,"column":18}},"loc":{"start":{"line":58,"column":20},"end":{"line":85,"column":1}}},"1":{"name":"(anonymous_3)","decl":{"start":{"line":69,"column":22},"end":{"line":69,"column":23}},"loc":{"start":{"line":69,"column":33},"end":{"line":69,"column":63}}},"2":{"name":"(anonymous_4)","decl":{"start":{"line":75,"column":22},"end":{"line":75,"column":23}},"loc":{"start":{"line":75,"column":33},"end":{"line":75,"column":63}}},"3":{"name":"(anonymous_5)","decl":{"start":{"line":79,"column":21},"end":{"line":79,"column":24}},"loc":{"start":{"line":79,"column":27},"end":{"line":79,"column":52}}}},"branchMap":{},"s":{"0":1,"1":1,"2":1,"3":1,"4":1,"5":1,"6":1,"7":92,"8":92,"9":92,"10":92,"11":40,"12":40,"13":5},"f":{"0":92,"1":40,"2":40,"3":5},"b":{}}
,"/home/ahsantamim/Projects/Nayem bhai QA/qa-code-quiz/src/contexts/auth.tsx": {"path":"/home/ahsantamim/Projects/Nayem bhai QA/qa-code-quiz/src/contexts/auth.tsx","statementMap":{"0":{"start":{"line":1,"column":0},"end":{"line":1,"column":40}},"1":{"start":{"line":2,"column":0},"end":{"line":2,"column":50}},"2":{"start":{"line":15,"column":20},"end":{"line":20,"column":2}},"3":{"start":{"line":17,"column":8},"end":{"line":17,"column":33}},"4":{"start":{"line":54,"column":8},"end":{"line":54,"column":19}},"5":{"start":{"line":22,"column":31},"end":{"line":52,"column":1}},"6":{"start":{"line":24,"column":28},"end":{"line":24,"column":38}},"7":{"start":{"line":26,"column":18},"end":{"line":35,"column":5}},"8":{"start":{"line":27,"column":8},"end":{"line":27,"column":null}},"9":{"start":{"line":28,"column":30},"end":{"line":28,"column":45}},"10":{"start":{"line":29,"column":8},"end":{"line":34,"column":null}},"11":{"start":{"line":30,"column":12},"end":{"line":30,"column":45}},"12":{"start":{"line":31,"column":12},"end":{"line":31,"column":null}},"13":{"start":{"line":33,"column":12},"end":{"line":33,"column":50}},"14":{"start":{"line":37,"column":19},"end":{"line":39,"column":5}},"15":{"start":{"line":38,"column":8},"end":{"line":38,"column":27}},"16":{"start":{"line":41,"column":16},"end":{"line":45,"column":null}},"17":{"start":{"line":47,"column":4},"end":{"line":51,"column":null}},"18":{"start":{"line":54,"column":21},"end":{"line":54,"column":33}}},"fnMap":{"0":{"name":"(anonymous_2)","decl":{"start":{"line":16,"column":4},"end":{"line":16,"column":9}},"loc":{"start":{"line":16,"column":9},"end":{"line":18,"column":5}}},"1":{"name":"(anonymous_3)","decl":{"start":{"line":19,"column":4},"end":{"line":19,"column":10}},"loc":{"start":{"line":19,"column":10},"end":{"line":19,"column":14}}},"2":{"name":"(anonymous_4)","decl":{"start":{"line":22,"column":31},"end":{"line":22,"column":32}},"loc":{"start":{"line":22,"column":46},"end":{"line":52,"column":1}}},"3":{"name":"(anonymous_5)","decl":{"start":{"line":26,"column":18},"end":{"line":26,"column":19}},"loc":{"start":{"line":26,"column":57},"end":{"line":35,"column":5}}},"4":{"name":"(anonymous_6)","decl":{"start":{"line":37,"column":19},"end":{"line":37,"column":22}},"loc":{"start":{"line":37,"column":24},"end":{"line":39,"column":5}}}},"branchMap":{"0":{"loc":{"start":{"line":29,"column":8},"end":{"line":34,"column":null}},"type":"if","locations":[{"start":{"line":29,"column":8},"end":{"line":34,"column":null}},{"start":{"line":29,"column":8},"end":{"line":34,"column":null}}]},"1":{"loc":{"start":{"line":29,"column":11},"end":{"line":29,"column":34}},"type":"binary-expr","locations":[{"start":{"line":29,"column":11},"end":{"line":29,"column":34}},{"start":{"line":29,"column":38},"end":{"line":29,"column":83}}]}},"s":{"0":5,"1":5,"2":5,"3":0,"4":5,"5":5,"6":10,"7":10,"8":4,"9":4,"10":4,"11":3,"12":3,"13":1,"14":10,"15":1,"16":10,"17":10,"18":5},"f":{"0":0,"1":0,"2":10,"3":4,"4":1},"b":{"0":[3,1],"1":[4,4]}}
}
