TN:
SF:/home/ahsantamim/Projects/Nayem bhai QA/qa-code-quiz/src/components/account/index.tsx
FN:47,(anonymous_2)
FN:67,(anonymous_3)
FNF:2
FNH:2
FNDA:12,(anonymous_2)
FNDA:1,(anonymous_3)
DA:1,1
DA:2,1
DA:3,1
DA:9,1
DA:20,1
DA:28,1
DA:47,1
DA:48,12
DA:50,12
DA:67,1
LF:10
LH:10
BRF:0
BRH:0
end_of_record
TN:
SF:/home/ahsantamim/Projects/Nayem bhai QA/qa-code-quiz/src/components/app/index.tsx
FN:37,(anonymous_2)
FNF:1
FNH:1
FNDA:13,(anonymous_2)
DA:1,1
DA:2,1
DA:3,1
DA:4,1
DA:5,1
DA:6,1
DA:7,1
DA:8,1
DA:17,1
DA:37,1
DA:38,13
DA:39,13
DA:40,7
DA:48,6
LF:14
LH:14
BRDA:39,0,0,7
BRDA:39,0,1,6
BRF:2
BRH:2
end_of_record
TN:
SF:/home/ahsantamim/Projects/Nayem bhai QA/qa-code-quiz/src/components/header/index.tsx
FN:23,(anonymous_2)
FNF:1
FNH:1
FNDA:13,(anonymous_2)
DA:1,1
DA:2,1
DA:3,1
DA:5,1
DA:23,1
DA:25,13
DA:26,13
DA:28,13
LF:8
LH:8
BRDA:33,0,0,7
BRDA:33,0,1,6
BRF:2
BRH:2
end_of_record
TN:
SF:/home/ahsantamim/Projects/Nayem bhai QA/qa-code-quiz/src/components/login/index.tsx
FN:58,(anonymous_2)
FN:69,(anonymous_3)
FN:75,(anonymous_4)
FN:79,(anonymous_5)
FNF:4
FNH:4
FNDA:92,(anonymous_2)
FNDA:40,(anonymous_3)
FNDA:40,(anonymous_4)
FNDA:5,(anonymous_5)
DA:1,1
DA:2,1
DA:3,1
DA:5,1
DA:16,1
DA:32,1
DA:58,1
DA:60,92
DA:61,92
DA:62,92
DA:64,92
DA:69,40
DA:75,40
DA:79,5
LF:14
LH:14
BRF:0
BRH:0
end_of_record
TN:
SF:/home/ahsantamim/Projects/Nayem bhai QA/qa-code-quiz/src/contexts/auth.tsx
FN:16,(anonymous_2)
FN:19,(anonymous_3)
FN:22,(anonymous_4)
FN:26,(anonymous_5)
FN:37,(anonymous_6)
FNF:5
FNH:3
FNDA:0,(anonymous_2)
FNDA:0,(anonymous_3)
FNDA:10,(anonymous_4)
FNDA:4,(anonymous_5)
FNDA:1,(anonymous_6)
DA:1,5
DA:2,5
DA:15,5
DA:17,0
DA:22,5
DA:24,10
DA:26,10
DA:27,4
DA:28,4
DA:29,4
DA:30,3
DA:31,3
DA:33,1
DA:37,10
DA:38,1
DA:41,10
DA:47,10
DA:54,5
LF:18
LH:17
BRDA:29,0,0,3
BRDA:29,0,1,1
BRDA:29,1,0,4
BRDA:29,1,1,4
BRF:4
BRH:4
end_of_record
